<?xml version="1.0" encoding="UTF-8"?>
<!-- Generated by org.testng.reporters.JUnitXMLReporter -->
<testsuite hostname="DESKTOP-HB37DOE" ignored="0" name="Default test" tests="3" failures="0" timestamp="12 Jul 2018 19:00:58 GMT" time="108.365" errors="0">
  <testcase name="GoogleTitleTest" time="0.015" classname="testNG.test.googleTest"/>
  <testcase name="GooglelogoTest" time="0.047" classname="testNG.test.googleTest"/>
  <testcase name="maillogo" time="0.043" classname="testNG.test.googleTest"/>
</testsuite> <!-- Default test -->
